<?xml version="1.0" encoding="UTF-8"?>
<testsuite xmlns:xsi="http://www.w3.org/2001/XMLSchema-instance" xsi:noNamespaceSchemaLocation="https://maven.apache.org/surefire/maven-surefire-plugin/xsd/surefire-test-report.xsd" name="za.ac.nwu.ac.logic.flow.impl.AddMilesFlowImplTest" time="2.218" tests="1" errors="0" skipped="0" failures="0">
  <properties>
    <property name="sun.desktop" value="windows"/>
    <property name="awt.toolkit" value="sun.awt.windows.WToolkit"/>
    <property name="file.encoding.pkg" value="sun.io"/>
    <property name="java.specification.version" value="1.8"/>
    <property name="sun.cpu.isalist" value="amd64"/>
    <property name="sun.jnu.encoding" value="Cp1252"/>
    <property name="java.class.path" value="C:\Users\jka38\OneDrive\Desktop\AccountSystemFinal\AccountSystemLogic\target\test-classes;C:\Users\jka38\OneDrive\Desktop\AccountSystemFinal\AccountSystemLogic\target\classes;C:\Users\jka38\OneDrive\Desktop\AccountSystemFinal\AccountSystemDomain\target\AccountSystemDomain-1.0-SNAPSHOT.jar;C:\Users\jka38\OneDrive\Desktop\CMPG323 Project 1\CMPG323 Project1 Files\AccountSystemTemplate\io\swagger\swagger-annotations\1.5.20\swagger-annotations-1.5.20.jar;C:\Users\jka38\OneDrive\Desktop\CMPG323 Project 1\CMPG323 Project1 Files\AccountSystemTemplate\com\fasterxml\jackson\core\jackson-annotations\2.11.4\jackson-annotations-2.11.4.jar;C:\Users\jka38\OneDrive\Desktop\AccountSystemFinal\AccountSystemTranslator\target\AccountSystemTranslator-1.0-SNAPSHOT.jar;C:\Users\jka38\OneDrive\Desktop\AccountSystemFinal\AccountSystemRepository\target\AccountSystemRepository-1.0-SNAPSHOT.jar;C:\Users\jka38\OneDrive\Desktop\CMPG323 Project 1\CMPG323 Project1 Files\AccountSystemTemplate\org\springframework\boot\spring-boot-starter\2.3.12.RELEASE\spring-boot-starter-2.3.12.RELEASE.jar;C:\Users\jka38\OneDrive\Desktop\CMPG323 Project 1\CMPG323 Project1 Files\AccountSystemTemplate\org\springframework\boot\spring-boot\2.3.12.RELEASE\spring-boot-2.3.12.RELEASE.jar;C:\Users\jka38\OneDrive\Desktop\CMPG323 Project 1\CMPG323 Project1 Files\AccountSystemTemplate\org\springframework\boot\spring-boot-autoconfigure\2.3.12.RELEASE\spring-boot-autoconfigure-2.3.12.RELEASE.jar;C:\Users\jka38\OneDrive\Desktop\CMPG323 Project 1\CMPG323 Project1 Files\AccountSystemTemplate\org\springframework\boot\spring-boot-starter-logging\2.3.12.RELEASE\spring-boot-starter-logging-2.3.12.RELEASE.jar;C:\Users\jka38\OneDrive\Desktop\CMPG323 Project 1\CMPG323 Project1 Files\AccountSystemTemplate\ch\qos\logback\logback-classic\1.2.3\logback-classic-1.2.3.jar;C:\Users\jka38\OneDrive\Desktop\CMPG323 Project 1\CMPG323 Project1 Files\AccountSystemTemplate\ch\qos\logback\logback-core\1.2.3\logback-core-1.2.3.jar;C:\Users\jka38\OneDrive\Desktop\CMPG323 Project 1\CMPG323 Project1 Files\AccountSystemTemplate\org\apache\logging\log4j\log4j-to-slf4j\2.13.3\log4j-to-slf4j-2.13.3.jar;C:\Users\jka38\OneDrive\Desktop\CMPG323 Project 1\CMPG323 Project1 Files\AccountSystemTemplate\org\apache\logging\log4j\log4j-api\2.13.3\log4j-api-2.13.3.jar;C:\Users\jka38\OneDrive\Desktop\CMPG323 Project 1\CMPG323 Project1 Files\AccountSystemTemplate\org\slf4j\jul-to-slf4j\1.7.30\jul-to-slf4j-1.7.30.jar;C:\Users\jka38\OneDrive\Desktop\CMPG323 Project 1\CMPG323 Project1 Files\AccountSystemTemplate\jakarta\annotation\jakarta.annotation-api\1.3.5\jakarta.annotation-api-1.3.5.jar;C:\Users\jka38\OneDrive\Desktop\CMPG323 Project 1\CMPG323 Project1 Files\AccountSystemTemplate\org\yaml\snakeyaml\1.26\snakeyaml-1.26.jar;C:\Users\jka38\OneDrive\Desktop\CMPG323 Project 1\CMPG323 Project1 Files\AccountSystemTemplate\org\springframework\boot\spring-boot-starter-data-jpa\2.3.12.RELEASE\spring-boot-starter-data-jpa-2.3.12.RELEASE.jar;C:\Users\jka38\OneDrive\Desktop\CMPG323 Project 1\CMPG323 Project1 Files\AccountSystemTemplate\org\springframework\boot\spring-boot-starter-aop\2.3.12.RELEASE\spring-boot-starter-aop-2.3.12.RELEASE.jar;C:\Users\jka38\OneDrive\Desktop\CMPG323 Project 1\CMPG323 Project1 Files\AccountSystemTemplate\org\aspectj\aspectjweaver\1.9.6\aspectjweaver-1.9.6.jar;C:\Users\jka38\OneDrive\Desktop\CMPG323 Project 1\CMPG323 Project1 Files\AccountSystemTemplate\org\springframework\boot\spring-boot-starter-jdbc\2.3.12.RELEASE\spring-boot-starter-jdbc-2.3.12.RELEASE.jar;C:\Users\jka38\OneDrive\Desktop\CMPG323 Project 1\CMPG323 Project1 Files\AccountSystemTemplate\com\zaxxer\HikariCP\3.4.5\HikariCP-3.4.5.jar;C:\Users\jka38\OneDrive\Desktop\CMPG323 Project 1\CMPG323 Project1 Files\AccountSystemTemplate\org\springframework\spring-jdbc\5.2.15.RELEASE\spring-jdbc-5.2.15.RELEASE.jar;C:\Users\jka38\OneDrive\Desktop\CMPG323 Project 1\CMPG323 Project1 Files\AccountSystemTemplate\jakarta\transaction\jakarta.transaction-api\1.3.3\jakarta.transaction-api-1.3.3.jar;C:\Users\jka38\OneDrive\Desktop\CMPG323 Project 1\CMPG323 Project1 Files\AccountSystemTemplate\jakarta\persistence\jakarta.persistence-api\2.2.3\jakarta.persistence-api-2.2.3.jar;C:\Users\jka38\OneDrive\Desktop\CMPG323 Project 1\CMPG323 Project1 Files\AccountSystemTemplate\org\hibernate\hibernate-core\5.5.4.Final\hibernate-core-5.5.4.Final.jar;C:\Users\jka38\OneDrive\Desktop\CMPG323 Project 1\CMPG323 Project1 Files\AccountSystemTemplate\org\jboss\logging\jboss-logging\3.4.2.Final\jboss-logging-3.4.2.Final.jar;C:\Users\jka38\OneDrive\Desktop\CMPG323 Project 1\CMPG323 Project1 Files\AccountSystemTemplate\org\javassist\javassist\3.27.0-GA\javassist-3.27.0-GA.jar;C:\Users\jka38\OneDrive\Desktop\CMPG323 Project 1\CMPG323 Project1 Files\AccountSystemTemplate\antlr\antlr\2.7.7\antlr-2.7.7.jar;C:\Users\jka38\OneDrive\Desktop\CMPG323 Project 1\CMPG323 Project1 Files\AccountSystemTemplate\org\jboss\jandex\2.2.3.Final\jandex-2.2.3.Final.jar;C:\Users\jka38\OneDrive\Desktop\CMPG323 Project 1\CMPG323 Project1 Files\AccountSystemTemplate\com\fasterxml\classmate\1.5.1\classmate-1.5.1.jar;C:\Users\jka38\OneDrive\Desktop\CMPG323 Project 1\CMPG323 Project1 Files\AccountSystemTemplate\org\hibernate\common\hibernate-commons-annotations\5.1.2.Final\hibernate-commons-annotations-5.1.2.Final.jar;C:\Users\jka38\OneDrive\Desktop\CMPG323 Project 1\CMPG323 Project1 Files\AccountSystemTemplate\org\glassfish\jaxb\jaxb-runtime\2.3.4\jaxb-runtime-2.3.4.jar;C:\Users\jka38\OneDrive\Desktop\CMPG323 Project 1\CMPG323 Project1 Files\AccountSystemTemplate\jakarta\xml\bind\jakarta.xml.bind-api\2.3.3\jakarta.xml.bind-api-2.3.3.jar;C:\Users\jka38\OneDrive\Desktop\CMPG323 Project 1\CMPG323 Project1 Files\AccountSystemTemplate\org\glassfish\jaxb\txw2\2.3.4\txw2-2.3.4.jar;C:\Users\jka38\OneDrive\Desktop\CMPG323 Project 1\CMPG323 Project1 Files\AccountSystemTemplate\com\sun\istack\istack-commons-runtime\3.0.12\istack-commons-runtime-3.0.12.jar;C:\Users\jka38\OneDrive\Desktop\CMPG323 Project 1\CMPG323 Project1 Files\AccountSystemTemplate\com\sun\activation\jakarta.activation\1.2.2\jakarta.activation-1.2.2.jar;C:\Users\jka38\OneDrive\Desktop\CMPG323 Project 1\CMPG323 Project1 Files\AccountSystemTemplate\org\springframework\data\spring-data-jpa\2.3.9.RELEASE\spring-data-jpa-2.3.9.RELEASE.jar;C:\Users\jka38\OneDrive\Desktop\CMPG323 Project 1\CMPG323 Project1 Files\AccountSystemTemplate\org\springframework\data\spring-data-commons\2.3.9.RELEASE\spring-data-commons-2.3.9.RELEASE.jar;C:\Users\jka38\OneDrive\Desktop\CMPG323 Project 1\CMPG323 Project1 Files\AccountSystemTemplate\org\springframework\spring-orm\5.2.15.RELEASE\spring-orm-5.2.15.RELEASE.jar;C:\Users\jka38\OneDrive\Desktop\CMPG323 Project 1\CMPG323 Project1 Files\AccountSystemTemplate\org\springframework\spring-tx\5.2.15.RELEASE\spring-tx-5.2.15.RELEASE.jar;C:\Users\jka38\OneDrive\Desktop\CMPG323 Project 1\CMPG323 Project1 Files\AccountSystemTemplate\org\slf4j\slf4j-api\1.7.30\slf4j-api-1.7.30.jar;C:\Users\jka38\OneDrive\Desktop\CMPG323 Project 1\CMPG323 Project1 Files\AccountSystemTemplate\org\springframework\spring-aspects\5.2.15.RELEASE\spring-aspects-5.2.15.RELEASE.jar;C:\Users\jka38\OneDrive\Desktop\CMPG323 Project 1\CMPG323 Project1 Files\AccountSystemTemplate\com\oracle\database\jdbc\ojdbc8\19.3.0.0\ojdbc8-19.3.0.0.jar;C:\Users\jka38\OneDrive\Desktop\CMPG323 Project 1\CMPG323 Project1 Files\AccountSystemTemplate\com\oracle\database\jdbc\ucp\19.3.0.0\ucp-19.3.0.0.jar;C:\Users\jka38\OneDrive\Desktop\CMPG323 Project 1\CMPG323 Project1 Files\AccountSystemTemplate\com\oracle\database\security\oraclepki\19.3.0.0\oraclepki-19.3.0.0.jar;C:\Users\jka38\OneDrive\Desktop\CMPG323 Project 1\CMPG323 Project1 Files\AccountSystemTemplate\com\oracle\database\security\osdt_cert\19.3.0.0\osdt_cert-19.3.0.0.jar;C:\Users\jka38\OneDrive\Desktop\CMPG323 Project 1\CMPG323 Project1 Files\AccountSystemTemplate\com\oracle\database\security\osdt_core\19.3.0.0\osdt_core-19.3.0.0.jar;C:\Users\jka38\OneDrive\Desktop\CMPG323 Project 1\CMPG323 Project1 Files\AccountSystemTemplate\com\oracle\database\ha\simplefan\19.3.0.0\simplefan-19.3.0.0.jar;C:\Users\jka38\OneDrive\Desktop\CMPG323 Project 1\CMPG323 Project1 Files\AccountSystemTemplate\com\oracle\database\ha\ons\19.3.0.0\ons-19.3.0.0.jar;C:\Users\jka38\OneDrive\Desktop\CMPG323 Project 1\CMPG323 Project1 Files\AccountSystemTemplate\junit\junit\4.13.2\junit-4.13.2.jar;C:\Users\jka38\OneDrive\Desktop\CMPG323 Project 1\CMPG323 Project1 Files\AccountSystemTemplate\org\hamcrest\hamcrest-core\2.2\hamcrest-core-2.2.jar;C:\Users\jka38\OneDrive\Desktop\CMPG323 Project 1\CMPG323 Project1 Files\AccountSystemTemplate\org\hamcrest\hamcrest\2.2\hamcrest-2.2.jar;C:\Users\jka38\OneDrive\Desktop\CMPG323 Project 1\CMPG323 Project1 Files\AccountSystemTemplate\org\mockito\mockito-core\3.12.4\mockito-core-3.12.4.jar;C:\Users\jka38\OneDrive\Desktop\CMPG323 Project 1\CMPG323 Project1 Files\AccountSystemTemplate\net\bytebuddy\byte-buddy\1.10.22\byte-buddy-1.10.22.jar;C:\Users\jka38\OneDrive\Desktop\CMPG323 Project 1\CMPG323 Project1 Files\AccountSystemTemplate\net\bytebuddy\byte-buddy-agent\1.10.22\byte-buddy-agent-1.10.22.jar;C:\Users\jka38\OneDrive\Desktop\CMPG323 Project 1\CMPG323 Project1 Files\AccountSystemTemplate\org\objenesis\objenesis\3.2\objenesis-3.2.jar;C:\Users\jka38\OneDrive\Desktop\CMPG323 Project 1\CMPG323 Project1 Files\AccountSystemTemplate\org\springframework\spring-context\5.2.16.RELEASE\spring-context-5.2.16.RELEASE.jar;C:\Users\jka38\OneDrive\Desktop\CMPG323 Project 1\CMPG323 Project1 Files\AccountSystemTemplate\org\springframework\spring-aop\5.2.15.RELEASE\spring-aop-5.2.15.RELEASE.jar;C:\Users\jka38\OneDrive\Desktop\CMPG323 Project 1\CMPG323 Project1 Files\AccountSystemTemplate\org\springframework\spring-beans\5.2.15.RELEASE\spring-beans-5.2.15.RELEASE.jar;C:\Users\jka38\OneDrive\Desktop\CMPG323 Project 1\CMPG323 Project1 Files\AccountSystemTemplate\org\springframework\spring-core\5.2.15.RELEASE\spring-core-5.2.15.RELEASE.jar;C:\Users\jka38\OneDrive\Desktop\CMPG323 Project 1\CMPG323 Project1 Files\AccountSystemTemplate\org\springframework\spring-jcl\5.2.15.RELEASE\spring-jcl-5.2.15.RELEASE.jar;C:\Users\jka38\OneDrive\Desktop\CMPG323 Project 1\CMPG323 Project1 Files\AccountSystemTemplate\org\springframework\spring-expression\5.2.15.RELEASE\spring-expression-5.2.15.RELEASE.jar;"/>
    <property name="java.vm.vendor" value="Oracle Corporation"/>
    <property name="sun.arch.data.model" value="64"/>
    <property name="user.variant" value=""/>
    <property name="java.vendor.url" value="http://java.oracle.com/"/>
    <property name="user.timezone" value="Africa/Windhoek"/>
    <property name="java.vm.specification.version" value="1.8"/>
    <property name="os.name" value="Windows 10"/>
    <property name="user.country" value="GB"/>
    <property name="sun.java.launcher" value="SUN_STANDARD"/>
    <property name="sun.boot.library.path" value="C:\jdk1.8.0_301\jre\bin"/>
    <property name="sun.java.command" value="C:\Users\jka38\AppData\Local\Temp\surefire1191499751084452967\surefirebooter1492689969186742158.jar C:\Users\jka38\AppData\Local\Temp\surefire1191499751084452967 2021-10-06T15-34-20_871-jvmRun1 surefire5129526764043539416tmp surefire_12172924419255257773tmp"/>
    <property name="surefire.test.class.path" value="C:\Users\jka38\OneDrive\Desktop\AccountSystemFinal\AccountSystemLogic\target\test-classes;C:\Users\jka38\OneDrive\Desktop\AccountSystemFinal\AccountSystemLogic\target\classes;C:\Users\jka38\OneDrive\Desktop\AccountSystemFinal\AccountSystemDomain\target\AccountSystemDomain-1.0-SNAPSHOT.jar;C:\Users\jka38\OneDrive\Desktop\CMPG323 Project 1\CMPG323 Project1 Files\AccountSystemTemplate\io\swagger\swagger-annotations\1.5.20\swagger-annotations-1.5.20.jar;C:\Users\jka38\OneDrive\Desktop\CMPG323 Project 1\CMPG323 Project1 Files\AccountSystemTemplate\com\fasterxml\jackson\core\jackson-annotations\2.11.4\jackson-annotations-2.11.4.jar;C:\Users\jka38\OneDrive\Desktop\AccountSystemFinal\AccountSystemTranslator\target\AccountSystemTranslator-1.0-SNAPSHOT.jar;C:\Users\jka38\OneDrive\Desktop\AccountSystemFinal\AccountSystemRepository\target\AccountSystemRepository-1.0-SNAPSHOT.jar;C:\Users\jka38\OneDrive\Desktop\CMPG323 Project 1\CMPG323 Project1 Files\AccountSystemTemplate\org\springframework\boot\spring-boot-starter\2.3.12.RELEASE\spring-boot-starter-2.3.12.RELEASE.jar;C:\Users\jka38\OneDrive\Desktop\CMPG323 Project 1\CMPG323 Project1 Files\AccountSystemTemplate\org\springframework\boot\spring-boot\2.3.12.RELEASE\spring-boot-2.3.12.RELEASE.jar;C:\Users\jka38\OneDrive\Desktop\CMPG323 Project 1\CMPG323 Project1 Files\AccountSystemTemplate\org\springframework\boot\spring-boot-autoconfigure\2.3.12.RELEASE\spring-boot-autoconfigure-2.3.12.RELEASE.jar;C:\Users\jka38\OneDrive\Desktop\CMPG323 Project 1\CMPG323 Project1 Files\AccountSystemTemplate\org\springframework\boot\spring-boot-starter-logging\2.3.12.RELEASE\spring-boot-starter-logging-2.3.12.RELEASE.jar;C:\Users\jka38\OneDrive\Desktop\CMPG323 Project 1\CMPG323 Project1 Files\AccountSystemTemplate\ch\qos\logback\logback-classic\1.2.3\logback-classic-1.2.3.jar;C:\Users\jka38\OneDrive\Desktop\CMPG323 Project 1\CMPG323 Project1 Files\AccountSystemTemplate\ch\qos\logback\logback-core\1.2.3\logback-core-1.2.3.jar;C:\Users\jka38\OneDrive\Desktop\CMPG323 Project 1\CMPG323 Project1 Files\AccountSystemTemplate\org\apache\logging\log4j\log4j-to-slf4j\2.13.3\log4j-to-slf4j-2.13.3.jar;C:\Users\jka38\OneDrive\Desktop\CMPG323 Project 1\CMPG323 Project1 Files\AccountSystemTemplate\org\apache\logging\log4j\log4j-api\2.13.3\log4j-api-2.13.3.jar;C:\Users\jka38\OneDrive\Desktop\CMPG323 Project 1\CMPG323 Project1 Files\AccountSystemTemplate\org\slf4j\jul-to-slf4j\1.7.30\jul-to-slf4j-1.7.30.jar;C:\Users\jka38\OneDrive\Desktop\CMPG323 Project 1\CMPG323 Project1 Files\AccountSystemTemplate\jakarta\annotation\jakarta.annotation-api\1.3.5\jakarta.annotation-api-1.3.5.jar;C:\Users\jka38\OneDrive\Desktop\CMPG323 Project 1\CMPG323 Project1 Files\AccountSystemTemplate\org\yaml\snakeyaml\1.26\snakeyaml-1.26.jar;C:\Users\jka38\OneDrive\Desktop\CMPG323 Project 1\CMPG323 Project1 Files\AccountSystemTemplate\org\springframework\boot\spring-boot-starter-data-jpa\2.3.12.RELEASE\spring-boot-starter-data-jpa-2.3.12.RELEASE.jar;C:\Users\jka38\OneDrive\Desktop\CMPG323 Project 1\CMPG323 Project1 Files\AccountSystemTemplate\org\springframework\boot\spring-boot-starter-aop\2.3.12.RELEASE\spring-boot-starter-aop-2.3.12.RELEASE.jar;C:\Users\jka38\OneDrive\Desktop\CMPG323 Project 1\CMPG323 Project1 Files\AccountSystemTemplate\org\aspectj\aspectjweaver\1.9.6\aspectjweaver-1.9.6.jar;C:\Users\jka38\OneDrive\Desktop\CMPG323 Project 1\CMPG323 Project1 Files\AccountSystemTemplate\org\springframework\boot\spring-boot-starter-jdbc\2.3.12.RELEASE\spring-boot-starter-jdbc-2.3.12.RELEASE.jar;C:\Users\jka38\OneDrive\Desktop\CMPG323 Project 1\CMPG323 Project1 Files\AccountSystemTemplate\com\zaxxer\HikariCP\3.4.5\HikariCP-3.4.5.jar;C:\Users\jka38\OneDrive\Desktop\CMPG323 Project 1\CMPG323 Project1 Files\AccountSystemTemplate\org\springframework\spring-jdbc\5.2.15.RELEASE\spring-jdbc-5.2.15.RELEASE.jar;C:\Users\jka38\OneDrive\Desktop\CMPG323 Project 1\CMPG323 Project1 Files\AccountSystemTemplate\jakarta\transaction\jakarta.transaction-api\1.3.3\jakarta.transaction-api-1.3.3.jar;C:\Users\jka38\OneDrive\Desktop\CMPG323 Project 1\CMPG323 Project1 Files\AccountSystemTemplate\jakarta\persistence\jakarta.persistence-api\2.2.3\jakarta.persistence-api-2.2.3.jar;C:\Users\jka38\OneDrive\Desktop\CMPG323 Project 1\CMPG323 Project1 Files\AccountSystemTemplate\org\hibernate\hibernate-core\5.5.4.Final\hibernate-core-5.5.4.Final.jar;C:\Users\jka38\OneDrive\Desktop\CMPG323 Project 1\CMPG323 Project1 Files\AccountSystemTemplate\org\jboss\logging\jboss-logging\3.4.2.Final\jboss-logging-3.4.2.Final.jar;C:\Users\jka38\OneDrive\Desktop\CMPG323 Project 1\CMPG323 Project1 Files\AccountSystemTemplate\org\javassist\javassist\3.27.0-GA\javassist-3.27.0-GA.jar;C:\Users\jka38\OneDrive\Desktop\CMPG323 Project 1\CMPG323 Project1 Files\AccountSystemTemplate\antlr\antlr\2.7.7\antlr-2.7.7.jar;C:\Users\jka38\OneDrive\Desktop\CMPG323 Project 1\CMPG323 Project1 Files\AccountSystemTemplate\org\jboss\jandex\2.2.3.Final\jandex-2.2.3.Final.jar;C:\Users\jka38\OneDrive\Desktop\CMPG323 Project 1\CMPG323 Project1 Files\AccountSystemTemplate\com\fasterxml\classmate\1.5.1\classmate-1.5.1.jar;C:\Users\jka38\OneDrive\Desktop\CMPG323 Project 1\CMPG323 Project1 Files\AccountSystemTemplate\org\hibernate\common\hibernate-commons-annotations\5.1.2.Final\hibernate-commons-annotations-5.1.2.Final.jar;C:\Users\jka38\OneDrive\Desktop\CMPG323 Project 1\CMPG323 Project1 Files\AccountSystemTemplate\org\glassfish\jaxb\jaxb-runtime\2.3.4\jaxb-runtime-2.3.4.jar;C:\Users\jka38\OneDrive\Desktop\CMPG323 Project 1\CMPG323 Project1 Files\AccountSystemTemplate\jakarta\xml\bind\jakarta.xml.bind-api\2.3.3\jakarta.xml.bind-api-2.3.3.jar;C:\Users\jka38\OneDrive\Desktop\CMPG323 Project 1\CMPG323 Project1 Files\AccountSystemTemplate\org\glassfish\jaxb\txw2\2.3.4\txw2-2.3.4.jar;C:\Users\jka38\OneDrive\Desktop\CMPG323 Project 1\CMPG323 Project1 Files\AccountSystemTemplate\com\sun\istack\istack-commons-runtime\3.0.12\istack-commons-runtime-3.0.12.jar;C:\Users\jka38\OneDrive\Desktop\CMPG323 Project 1\CMPG323 Project1 Files\AccountSystemTemplate\com\sun\activation\jakarta.activation\1.2.2\jakarta.activation-1.2.2.jar;C:\Users\jka38\OneDrive\Desktop\CMPG323 Project 1\CMPG323 Project1 Files\AccountSystemTemplate\org\springframework\data\spring-data-jpa\2.3.9.RELEASE\spring-data-jpa-2.3.9.RELEASE.jar;C:\Users\jka38\OneDrive\Desktop\CMPG323 Project 1\CMPG323 Project1 Files\AccountSystemTemplate\org\springframework\data\spring-data-commons\2.3.9.RELEASE\spring-data-commons-2.3.9.RELEASE.jar;C:\Users\jka38\OneDrive\Desktop\CMPG323 Project 1\CMPG323 Project1 Files\AccountSystemTemplate\org\springframework\spring-orm\5.2.15.RELEASE\spring-orm-5.2.15.RELEASE.jar;C:\Users\jka38\OneDrive\Desktop\CMPG323 Project 1\CMPG323 Project1 Files\AccountSystemTemplate\org\springframework\spring-tx\5.2.15.RELEASE\spring-tx-5.2.15.RELEASE.jar;C:\Users\jka38\OneDrive\Desktop\CMPG323 Project 1\CMPG323 Project1 Files\AccountSystemTemplate\org\slf4j\slf4j-api\1.7.30\slf4j-api-1.7.30.jar;C:\Users\jka38\OneDrive\Desktop\CMPG323 Project 1\CMPG323 Project1 Files\AccountSystemTemplate\org\springframework\spring-aspects\5.2.15.RELEASE\spring-aspects-5.2.15.RELEASE.jar;C:\Users\jka38\OneDrive\Desktop\CMPG323 Project 1\CMPG323 Project1 Files\AccountSystemTemplate\com\oracle\database\jdbc\ojdbc8\19.3.0.0\ojdbc8-19.3.0.0.jar;C:\Users\jka38\OneDrive\Desktop\CMPG323 Project 1\CMPG323 Project1 Files\AccountSystemTemplate\com\oracle\database\jdbc\ucp\19.3.0.0\ucp-19.3.0.0.jar;C:\Users\jka38\OneDrive\Desktop\CMPG323 Project 1\CMPG323 Project1 Files\AccountSystemTemplate\com\oracle\database\security\oraclepki\19.3.0.0\oraclepki-19.3.0.0.jar;C:\Users\jka38\OneDrive\Desktop\CMPG323 Project 1\CMPG323 Project1 Files\AccountSystemTemplate\com\oracle\database\security\osdt_cert\19.3.0.0\osdt_cert-19.3.0.0.jar;C:\Users\jka38\OneDrive\Desktop\CMPG323 Project 1\CMPG323 Project1 Files\AccountSystemTemplate\com\oracle\database\security\osdt_core\19.3.0.0\osdt_core-19.3.0.0.jar;C:\Users\jka38\OneDrive\Desktop\CMPG323 Project 1\CMPG323 Project1 Files\AccountSystemTemplate\com\oracle\database\ha\simplefan\19.3.0.0\simplefan-19.3.0.0.jar;C:\Users\jka38\OneDrive\Desktop\CMPG323 Project 1\CMPG323 Project1 Files\AccountSystemTemplate\com\oracle\database\ha\ons\19.3.0.0\ons-19.3.0.0.jar;C:\Users\jka38\OneDrive\Desktop\CMPG323 Project 1\CMPG323 Project1 Files\AccountSystemTemplate\junit\junit\4.13.2\junit-4.13.2.jar;C:\Users\jka38\OneDrive\Desktop\CMPG323 Project 1\CMPG323 Project1 Files\AccountSystemTemplate\org\hamcrest\hamcrest-core\2.2\hamcrest-core-2.2.jar;C:\Users\jka38\OneDrive\Desktop\CMPG323 Project 1\CMPG323 Project1 Files\AccountSystemTemplate\org\hamcrest\hamcrest\2.2\hamcrest-2.2.jar;C:\Users\jka38\OneDrive\Desktop\CMPG323 Project 1\CMPG323 Project1 Files\AccountSystemTemplate\org\mockito\mockito-core\3.12.4\mockito-core-3.12.4.jar;C:\Users\jka38\OneDrive\Desktop\CMPG323 Project 1\CMPG323 Project1 Files\AccountSystemTemplate\net\bytebuddy\byte-buddy\1.10.22\byte-buddy-1.10.22.jar;C:\Users\jka38\OneDrive\Desktop\CMPG323 Project 1\CMPG323 Project1 Files\AccountSystemTemplate\net\bytebuddy\byte-buddy-agent\1.10.22\byte-buddy-agent-1.10.22.jar;C:\Users\jka38\OneDrive\Desktop\CMPG323 Project 1\CMPG323 Project1 Files\AccountSystemTemplate\org\objenesis\objenesis\3.2\objenesis-3.2.jar;C:\Users\jka38\OneDrive\Desktop\CMPG323 Project 1\CMPG323 Project1 Files\AccountSystemTemplate\org\springframework\spring-context\5.2.16.RELEASE\spring-context-5.2.16.RELEASE.jar;C:\Users\jka38\OneDrive\Desktop\CMPG323 Project 1\CMPG323 Project1 Files\AccountSystemTemplate\org\springframework\spring-aop\5.2.15.RELEASE\spring-aop-5.2.15.RELEASE.jar;C:\Users\jka38\OneDrive\Desktop\CMPG323 Project 1\CMPG323 Project1 Files\AccountSystemTemplate\org\springframework\spring-beans\5.2.15.RELEASE\spring-beans-5.2.15.RELEASE.jar;C:\Users\jka38\OneDrive\Desktop\CMPG323 Project 1\CMPG323 Project1 Files\AccountSystemTemplate\org\springframework\spring-core\5.2.15.RELEASE\spring-core-5.2.15.RELEASE.jar;C:\Users\jka38\OneDrive\Desktop\CMPG323 Project 1\CMPG323 Project1 Files\AccountSystemTemplate\org\springframework\spring-jcl\5.2.15.RELEASE\spring-jcl-5.2.15.RELEASE.jar;C:\Users\jka38\OneDrive\Desktop\CMPG323 Project 1\CMPG323 Project1 Files\AccountSystemTemplate\org\springframework\spring-expression\5.2.15.RELEASE\spring-expression-5.2.15.RELEASE.jar;"/>
    <property name="sun.cpu.endian" value="little"/>
    <property name="user.home" value="C:\Users\jka38"/>
    <property name="user.language" value="en"/>
    <property name="java.specification.vendor" value="Oracle Corporation"/>
    <property name="java.home" value="C:\jdk1.8.0_301\jre"/>
    <property name="basedir" value="C:\Users\jka38\OneDrive\Desktop\AccountSystemFinal\AccountSystemLogic"/>
    <property name="file.separator" value="\"/>
    <property name="line.separator" value="&#10;"/>
    <property name="java.vm.specification.vendor" value="Oracle Corporation"/>
    <property name="java.specification.name" value="Java Platform API Specification"/>
    <property name="java.awt.graphicsenv" value="sun.awt.Win32GraphicsEnvironment"/>
    <property name="surefire.real.class.path" value="C:\Users\jka38\AppData\Local\Temp\surefire1191499751084452967\surefirebooter1492689969186742158.jar"/>
    <property name="sun.boot.class.path" value="C:\jdk1.8.0_301\jre\lib\resources.jar;C:\jdk1.8.0_301\jre\lib\rt.jar;C:\jdk1.8.0_301\jre\lib\sunrsasign.jar;C:\jdk1.8.0_301\jre\lib\jsse.jar;C:\jdk1.8.0_301\jre\lib\jce.jar;C:\jdk1.8.0_301\jre\lib\charsets.jar;C:\jdk1.8.0_301\jre\lib\jfr.jar;C:\jdk1.8.0_301\jre\classes"/>
    <property name="user.script" value=""/>
    <property name="sun.management.compiler" value="HotSpot 64-Bit Tiered Compilers"/>
    <property name="java.runtime.version" value="1.8.0_301-b09"/>
    <property name="user.name" value="jka38"/>
    <property name="path.separator" value=";"/>
    <property name="os.version" value="10.0"/>
    <property name="java.endorsed.dirs" value="C:\jdk1.8.0_301\jre\lib\endorsed"/>
    <property name="java.runtime.name" value="Java(TM) SE Runtime Environment"/>
    <property name="file.encoding" value="Cp1252"/>
    <property name="java.vm.name" value="Java HotSpot(TM) 64-Bit Server VM"/>
    <property name="localRepository" value="C:\Users\jka38\OneDrive\Desktop\CMPG323 Project 1\CMPG323 Project1 Files\AccountSystemTemplate"/>
    <property name="java.vendor.url.bug" value="http://bugreport.sun.com/bugreport/"/>
    <property name="java.io.tmpdir" value="C:\Users\jka38\AppData\Local\Temp\"/>
    <property name="idea.version" value="2021.2"/>
    <property name="java.version" value="1.8.0_301"/>
    <property name="user.dir" value="C:\Users\jka38\OneDrive\Desktop\AccountSystemFinal\AccountSystemLogic"/>
    <property name="os.arch" value="amd64"/>
    <property name="java.vm.specification.name" value="Java Virtual Machine Specification"/>
    <property name="java.awt.printerjob" value="sun.awt.windows.WPrinterJob"/>
    <property name="sun.os.patch.level" value=""/>
    <property name="java.library.path" value="C:\jdk1.8.0_301\jre\bin;C:\WINDOWS\Sun\Java\bin;C:\WINDOWS\system32;C:\WINDOWS;C:\oraclexe\app\oracle\product\11.2.0\server\bin;C:\ProgramData\Oracle\Java\javapath;C:\WINDOWS\system32;C:\WINDOWS;C:\WINDOWS\System32\Wbem;C:\WINDOWS\System32\WindowsPowerShell\v1.0\;C:\WINDOWS\System32\OpenSSH\;C:\Program Files\Microsoft SQL Server\130\Tools\Binn\;C:\Program Files\Microsoft SQL Server\Client SDK\ODBC\170\Tools\Binn\;C:\Program Files\dotnet\;C:\Program Files\Git\cmd;C:\Users\jka38\AppData\Local\Microsoft\WindowsApps;C:\Users\jka38\AppData\Local\Programs\Microsoft VS Code\bin;C:\Users\jka38\.dotnet\tools;C:\Users\jka38\AppData\Local\GitHubDesktop\bin;C:\Program Files\JetBrains\IntelliJ IDEA Community Edition 2021.2\bin;;C:\jdk1.8.0_301\bin;C:\jdk-13.0.2\bin;C:\apache-maven-3.8.1-bin\bin;;."/>
    <property name="java.vm.info" value="mixed mode"/>
    <property name="java.vendor" value="Oracle Corporation"/>
    <property name="java.vm.version" value="25.301-b09"/>
    <property name="java.ext.dirs" value="C:\jdk1.8.0_301\jre\lib\ext;C:\WINDOWS\Sun\Java\lib\ext"/>
    <property name="sun.io.unicode.encoding" value="UnicodeLittle"/>
    <property name="java.class.version" value="52.0"/>
  </properties>
  <testcase name="addMiles" classname="za.ac.nwu.ac.logic.flow.impl.AddMilesFlowImplTest" time="2.071"/>
</testsuite>